2018-10-26 15:25:27 bootstrap [main] INFO  o.s.c.a.AnnotationConfigApplicationContext[583] [TxId :  , SpanId : ]- Refreshing org.springframework.context.annotation.AnnotationConfigApplicationContext@2cd76f31: startup date [Fri Oct 26 15:25:27 CST 2018]; root of context hierarchy
2018-10-26 15:25:28 bootstrap [background-preinit] INFO  o.h.validator.internal.util.Version[30] [TxId :  , SpanId : ]- HV000001: Hibernate Validator 5.3.6.Final
2018-10-26 15:25:28 bootstrap [main] INFO  o.s.c.s.PostProcessorRegistrationDelegate$BeanPostProcessorChecker[327] [TxId :  , SpanId : ]- Bean 'configurationPropertiesRebinderAutoConfiguration' of type [org.springframework.cloud.autoconfigure.ConfigurationPropertiesRebinderAutoConfiguration$$EnhancerBySpringCGLIB$$823d1c42] is not eligible for getting processed by all BeanPostProcessors (for example: not eligible for auto-proxying)
2018-10-29 14:43:47 bootstrap [main] INFO  o.s.c.a.AnnotationConfigApplicationContext[583] [TxId :  , SpanId : ]- Refreshing org.springframework.context.annotation.AnnotationConfigApplicationContext@2cd76f31: startup date [Mon Oct 29 14:43:47 CST 2018]; root of context hierarchy
2018-10-29 14:43:48 bootstrap [main] INFO  o.s.c.s.PostProcessorRegistrationDelegate$BeanPostProcessorChecker[327] [TxId :  , SpanId : ]- Bean 'configurationPropertiesRebinderAutoConfiguration' of type [org.springframework.cloud.autoconfigure.ConfigurationPropertiesRebinderAutoConfiguration$$EnhancerBySpringCGLIB$$823d1c42] is not eligible for getting processed by all BeanPostProcessors (for example: not eligible for auto-proxying)
2018-10-29 14:43:48 bootstrap [background-preinit] INFO  o.h.validator.internal.util.Version[30] [TxId :  , SpanId : ]- HV000001: Hibernate Validator 5.3.6.Final
2018-10-29 15:32:23 bootstrap [main] INFO  o.s.c.a.AnnotationConfigApplicationContext[583] [TxId :  , SpanId : ]- Refreshing org.springframework.context.annotation.AnnotationConfigApplicationContext@2cd76f31: startup date [Mon Oct 29 15:32:23 CST 2018]; root of context hierarchy
2018-10-29 15:32:24 bootstrap [background-preinit] INFO  o.h.validator.internal.util.Version[30] [TxId :  , SpanId : ]- HV000001: Hibernate Validator 5.3.6.Final
2018-10-29 15:32:24 bootstrap [main] INFO  o.s.c.s.PostProcessorRegistrationDelegate$BeanPostProcessorChecker[327] [TxId :  , SpanId : ]- Bean 'configurationPropertiesRebinderAutoConfiguration' of type [org.springframework.cloud.autoconfigure.ConfigurationPropertiesRebinderAutoConfiguration$$EnhancerBySpringCGLIB$$823d1c42] is not eligible for getting processed by all BeanPostProcessors (for example: not eligible for auto-proxying)
2018-10-29 16:00:11 bootstrap [main] INFO  o.s.c.a.AnnotationConfigApplicationContext[583] [TxId :  , SpanId : ]- Refreshing org.springframework.context.annotation.AnnotationConfigApplicationContext@2cd76f31: startup date [Mon Oct 29 16:00:11 CST 2018]; root of context hierarchy
2018-10-29 16:00:11 bootstrap [background-preinit] INFO  o.h.validator.internal.util.Version[30] [TxId :  , SpanId : ]- HV000001: Hibernate Validator 5.3.6.Final
2018-10-29 16:00:12 bootstrap [main] INFO  o.s.c.s.PostProcessorRegistrationDelegate$BeanPostProcessorChecker[327] [TxId :  , SpanId : ]- Bean 'configurationPropertiesRebinderAutoConfiguration' of type [org.springframework.cloud.autoconfigure.ConfigurationPropertiesRebinderAutoConfiguration$$EnhancerBySpringCGLIB$$823d1c42] is not eligible for getting processed by all BeanPostProcessors (for example: not eligible for auto-proxying)
2018-10-29 16:06:04 bootstrap [main] INFO  o.s.c.a.AnnotationConfigApplicationContext[583] [TxId :  , SpanId : ]- Refreshing org.springframework.context.annotation.AnnotationConfigApplicationContext@3f91b517: startup date [Mon Oct 29 16:06:04 CST 2018]; root of context hierarchy
2018-10-29 16:06:05 bootstrap [background-preinit] INFO  o.h.validator.internal.util.Version[30] [TxId :  , SpanId : ]- HV000001: Hibernate Validator 5.3.6.Final
2018-10-29 16:06:05 bootstrap [main] INFO  o.s.c.s.PostProcessorRegistrationDelegate$BeanPostProcessorChecker[327] [TxId :  , SpanId : ]- Bean 'configurationPropertiesRebinderAutoConfiguration' of type [org.springframework.cloud.autoconfigure.ConfigurationPropertiesRebinderAutoConfiguration$$EnhancerBySpringCGLIB$$27e2a29b] is not eligible for getting processed by all BeanPostProcessors (for example: not eligible for auto-proxying)
2018-10-29 16:07:47 bootstrap [main] INFO  o.s.c.a.AnnotationConfigApplicationContext[583] [TxId :  , SpanId : ]- Refreshing org.springframework.context.annotation.AnnotationConfigApplicationContext@3f91b517: startup date [Mon Oct 29 16:07:47 CST 2018]; root of context hierarchy
2018-10-29 16:07:48 bootstrap [background-preinit] INFO  o.h.validator.internal.util.Version[30] [TxId :  , SpanId : ]- HV000001: Hibernate Validator 5.3.6.Final
2018-10-29 16:07:48 bootstrap [main] INFO  o.s.c.s.PostProcessorRegistrationDelegate$BeanPostProcessorChecker[327] [TxId :  , SpanId : ]- Bean 'configurationPropertiesRebinderAutoConfiguration' of type [org.springframework.cloud.autoconfigure.ConfigurationPropertiesRebinderAutoConfiguration$$EnhancerBySpringCGLIB$$945a55f4] is not eligible for getting processed by all BeanPostProcessors (for example: not eligible for auto-proxying)
2018-10-29 16:12:40 bootstrap [main] INFO  o.s.c.a.AnnotationConfigApplicationContext[583] [TxId :  , SpanId : ]- Refreshing org.springframework.context.annotation.AnnotationConfigApplicationContext@3f91b517: startup date [Mon Oct 29 16:12:40 CST 2018]; root of context hierarchy
2018-10-29 16:12:41 bootstrap [background-preinit] INFO  o.h.validator.internal.util.Version[30] [TxId :  , SpanId : ]- HV000001: Hibernate Validator 5.3.6.Final
2018-10-29 16:12:41 bootstrap [main] INFO  o.s.c.s.PostProcessorRegistrationDelegate$BeanPostProcessorChecker[327] [TxId :  , SpanId : ]- Bean 'configurationPropertiesRebinderAutoConfiguration' of type [org.springframework.cloud.autoconfigure.ConfigurationPropertiesRebinderAutoConfiguration$$EnhancerBySpringCGLIB$$c103d91a] is not eligible for getting processed by all BeanPostProcessors (for example: not eligible for auto-proxying)
2018-10-29 16:16:39 bootstrap [main] INFO  o.s.c.a.AnnotationConfigApplicationContext[583] [TxId :  , SpanId : ]- Refreshing org.springframework.context.annotation.AnnotationConfigApplicationContext@3f91b517: startup date [Mon Oct 29 16:16:38 CST 2018]; root of context hierarchy
2018-10-29 16:16:39 bootstrap [background-preinit] INFO  o.h.validator.internal.util.Version[30] [TxId :  , SpanId : ]- HV000001: Hibernate Validator 5.3.6.Final
2018-10-29 16:16:39 bootstrap [main] INFO  o.s.c.s.PostProcessorRegistrationDelegate$BeanPostProcessorChecker[327] [TxId :  , SpanId : ]- Bean 'configurationPropertiesRebinderAutoConfiguration' of type [org.springframework.cloud.autoconfigure.ConfigurationPropertiesRebinderAutoConfiguration$$EnhancerBySpringCGLIB$$86f6a67d] is not eligible for getting processed by all BeanPostProcessors (for example: not eligible for auto-proxying)
2018-10-29 16:17:58 bootstrap [main] INFO  o.s.c.a.AnnotationConfigApplicationContext[583] [TxId :  , SpanId : ]- Refreshing org.springframework.context.annotation.AnnotationConfigApplicationContext@3f91b517: startup date [Mon Oct 29 16:17:58 CST 2018]; root of context hierarchy
2018-10-29 16:17:59 bootstrap [background-preinit] INFO  o.h.validator.internal.util.Version[30] [TxId :  , SpanId : ]- HV000001: Hibernate Validator 5.3.6.Final
2018-10-29 16:17:59 bootstrap [main] INFO  o.s.c.s.PostProcessorRegistrationDelegate$BeanPostProcessorChecker[327] [TxId :  , SpanId : ]- Bean 'configurationPropertiesRebinderAutoConfiguration' of type [org.springframework.cloud.autoconfigure.ConfigurationPropertiesRebinderAutoConfiguration$$EnhancerBySpringCGLIB$$945a55f4] is not eligible for getting processed by all BeanPostProcessors (for example: not eligible for auto-proxying)
2018-10-29 17:00:34 bootstrap [main] INFO  o.s.c.a.AnnotationConfigApplicationContext[583] [TxId :  , SpanId : ]- Refreshing org.springframework.context.annotation.AnnotationConfigApplicationContext@3f91b517: startup date [Mon Oct 29 17:00:34 CST 2018]; root of context hierarchy
2018-10-29 17:00:35 bootstrap [background-preinit] INFO  o.h.validator.internal.util.Version[30] [TxId :  , SpanId : ]- HV000001: Hibernate Validator 5.3.6.Final
2018-10-29 17:00:35 bootstrap [main] INFO  o.s.c.s.PostProcessorRegistrationDelegate$BeanPostProcessorChecker[327] [TxId :  , SpanId : ]- Bean 'configurationPropertiesRebinderAutoConfiguration' of type [org.springframework.cloud.autoconfigure.ConfigurationPropertiesRebinderAutoConfiguration$$EnhancerBySpringCGLIB$$86ce109] is not eligible for getting processed by all BeanPostProcessors (for example: not eligible for auto-proxying)
2018-10-29 17:02:26 bootstrap [main] INFO  o.s.c.a.AnnotationConfigApplicationContext[583] [TxId :  , SpanId : ]- Refreshing org.springframework.context.annotation.AnnotationConfigApplicationContext@3f91b517: startup date [Mon Oct 29 17:02:26 CST 2018]; root of context hierarchy
2018-10-29 17:02:27 bootstrap [background-preinit] INFO  o.h.validator.internal.util.Version[30] [TxId :  , SpanId : ]- HV000001: Hibernate Validator 5.3.6.Final
2018-10-29 17:02:27 bootstrap [main] INFO  o.s.c.s.PostProcessorRegistrationDelegate$BeanPostProcessorChecker[327] [TxId :  , SpanId : ]- Bean 'configurationPropertiesRebinderAutoConfiguration' of type [org.springframework.cloud.autoconfigure.ConfigurationPropertiesRebinderAutoConfiguration$$EnhancerBySpringCGLIB$$c103d91a] is not eligible for getting processed by all BeanPostProcessors (for example: not eligible for auto-proxying)
2018-10-29 17:04:34 bootstrap [main] INFO  o.s.c.a.AnnotationConfigApplicationContext[583] [TxId :  , SpanId : ]- Refreshing org.springframework.context.annotation.AnnotationConfigApplicationContext@3f91b517: startup date [Mon Oct 29 17:04:34 CST 2018]; root of context hierarchy
2018-10-29 17:04:35 bootstrap [background-preinit] INFO  o.h.validator.internal.util.Version[30] [TxId :  , SpanId : ]- HV000001: Hibernate Validator 5.3.6.Final
2018-10-29 17:04:35 bootstrap [main] INFO  o.s.c.s.PostProcessorRegistrationDelegate$BeanPostProcessorChecker[327] [TxId :  , SpanId : ]- Bean 'configurationPropertiesRebinderAutoConfiguration' of type [org.springframework.cloud.autoconfigure.ConfigurationPropertiesRebinderAutoConfiguration$$EnhancerBySpringCGLIB$$48f90fcf] is not eligible for getting processed by all BeanPostProcessors (for example: not eligible for auto-proxying)
2018-10-29 17:20:40 bootstrap [main] INFO  o.s.c.a.AnnotationConfigApplicationContext[583] [TxId :  , SpanId : ]- Refreshing org.springframework.context.annotation.AnnotationConfigApplicationContext@3f91b517: startup date [Mon Oct 29 17:20:40 CST 2018]; root of context hierarchy
2018-10-29 17:20:41 bootstrap [background-preinit] INFO  o.h.validator.internal.util.Version[30] [TxId :  , SpanId : ]- HV000001: Hibernate Validator 5.3.6.Final
2018-10-29 17:20:41 bootstrap [main] INFO  o.s.c.s.PostProcessorRegistrationDelegate$BeanPostProcessorChecker[327] [TxId :  , SpanId : ]- Bean 'configurationPropertiesRebinderAutoConfiguration' of type [org.springframework.cloud.autoconfigure.ConfigurationPropertiesRebinderAutoConfiguration$$EnhancerBySpringCGLIB$$945a55f4] is not eligible for getting processed by all BeanPostProcessors (for example: not eligible for auto-proxying)
2018-10-29 17:57:06 bootstrap [main] INFO  o.s.c.a.AnnotationConfigApplicationContext[583] [TxId :  , SpanId : ]- Refreshing org.springframework.context.annotation.AnnotationConfigApplicationContext@3f91b517: startup date [Mon Oct 29 17:57:06 CST 2018]; root of context hierarchy
2018-10-29 17:57:07 bootstrap [background-preinit] INFO  o.h.validator.internal.util.Version[30] [TxId :  , SpanId : ]- HV000001: Hibernate Validator 5.3.6.Final
2018-10-29 17:57:07 bootstrap [main] INFO  o.s.c.s.PostProcessorRegistrationDelegate$BeanPostProcessorChecker[327] [TxId :  , SpanId : ]- Bean 'configurationPropertiesRebinderAutoConfiguration' of type [org.springframework.cloud.autoconfigure.ConfigurationPropertiesRebinderAutoConfiguration$$EnhancerBySpringCGLIB$$dbfe9067] is not eligible for getting processed by all BeanPostProcessors (for example: not eligible for auto-proxying)
2018-10-29 18:00:29 bootstrap [main] INFO  o.s.c.a.AnnotationConfigApplicationContext[583] [TxId :  , SpanId : ]- Refreshing org.springframework.context.annotation.AnnotationConfigApplicationContext@3f91b517: startup date [Mon Oct 29 18:00:29 CST 2018]; root of context hierarchy
2018-10-29 18:00:30 bootstrap [background-preinit] INFO  o.h.validator.internal.util.Version[30] [TxId :  , SpanId : ]- HV000001: Hibernate Validator 5.3.6.Final
2018-10-29 18:00:30 bootstrap [main] INFO  o.s.c.s.PostProcessorRegistrationDelegate$BeanPostProcessorChecker[327] [TxId :  , SpanId : ]- Bean 'configurationPropertiesRebinderAutoConfiguration' of type [org.springframework.cloud.autoconfigure.ConfigurationPropertiesRebinderAutoConfiguration$$EnhancerBySpringCGLIB$$945a55f4] is not eligible for getting processed by all BeanPostProcessors (for example: not eligible for auto-proxying)
2018-10-30 09:13:30 bootstrap [main] INFO  o.s.c.a.AnnotationConfigApplicationContext[583] [TxId :  , SpanId : ]- Refreshing org.springframework.context.annotation.AnnotationConfigApplicationContext@3f91b517: startup date [Tue Oct 30 09:13:30 CST 2018]; root of context hierarchy
2018-10-30 09:13:31 bootstrap [background-preinit] INFO  o.h.validator.internal.util.Version[30] [TxId :  , SpanId : ]- HV000001: Hibernate Validator 5.3.6.Final
2018-10-30 09:13:31 bootstrap [main] INFO  o.s.c.s.PostProcessorRegistrationDelegate$BeanPostProcessorChecker[327] [TxId :  , SpanId : ]- Bean 'configurationPropertiesRebinderAutoConfiguration' of type [org.springframework.cloud.autoconfigure.ConfigurationPropertiesRebinderAutoConfiguration$$EnhancerBySpringCGLIB$$c103d91a] is not eligible for getting processed by all BeanPostProcessors (for example: not eligible for auto-proxying)
